Using pre-set license
Built from '2021.3/china_unity/release' branch; Version is '2021.3.1f1c1 (0cb3bd085a01) revision 832445'; Using compiler version '192829333'; Build Type 'Release'
OS: 'Windows 10  (10.0.19044) 64bit CoreCountrySpecific' Language: 'zh' Physical Memory: 16177 MB
BatchMode: 1, IsHumanControllingUs: 0, StartBugReporterOnCrash: 0, Is64bit: 1, IsPro: 1

COMMAND LINE ARGUMENTS:
D:\2021.3.1f1c1\Editor\Unity.exe
-adb2
-batchMode
-noUpm
-name
AssetImportWorker4
-projectPath
C:/Users/ALIENWARE/Desktop/AngryBird-master
-logFile
Logs/AssetImportWorker4.log
-srvPort
54176
Successfully changed project path to: C:/Users/ALIENWARE/Desktop/AngryBird-master
C:/Users/ALIENWARE/Desktop/AngryBird-master
[UnityMemory] Configuration Parameters - Can be set up in boot.config
    "memorysetup-bucket-allocator-granularity=16"
    "memorysetup-bucket-allocator-bucket-count=8"
    "memorysetup-bucket-allocator-block-size=33554432"
    "memorysetup-bucket-allocator-block-count=8"
    "memorysetup-main-allocator-block-size=16777216"
    "memorysetup-thread-allocator-block-size=16777216"
    "memorysetup-gfx-main-allocator-block-size=16777216"
    "memorysetup-gfx-thread-allocator-block-size=16777216"
    "memorysetup-cache-allocator-block-size=4194304"
    "memorysetup-typetree-allocator-block-size=2097152"
    "memorysetup-profiler-bucket-allocator-granularity=16"
    "memorysetup-profiler-bucket-allocator-bucket-count=8"
    "memorysetup-profiler-bucket-allocator-block-size=33554432"
    "memorysetup-profiler-bucket-allocator-block-count=8"
    "memorysetup-profiler-allocator-block-size=16777216"
    "memorysetup-profiler-editor-allocator-block-size=1048576"
    "memorysetup-temp-allocator-size-main=16777216"
    "memorysetup-job-temp-allocator-block-size=2097152"
    "memorysetup-job-temp-allocator-block-size-background=1048576"
    "memorysetup-job-temp-allocator-reduction-small-platforms=262144"
    "memorysetup-temp-allocator-size-background-worker=32768"
    "memorysetup-temp-allocator-size-job-worker=262144"
    "memorysetup-temp-allocator-size-preload-manager=33554432"
    "memorysetup-temp-allocator-size-nav-mesh-worker=65536"
    "memorysetup-temp-allocator-size-audio-worker=65536"
    "memorysetup-temp-allocator-size-cloud-worker=32768"
    "memorysetup-temp-allocator-size-gi-baking-worker=262144"
    "memorysetup-temp-allocator-size-gfx=262144"
AS: AutoStreaming module initializing.
Refreshing native plugins compatible for Editor in 48.54 ms, found 2 plugins.
Preloading 0 native plugins for Editor in 0.00 ms.
Initialize engine version: 2021.3.1f1c1 (0cb3bd085a01)
[Subsystems] Discovering subsystems at path D:/2021.3.1f1c1/Editor/Data/Resources/UnitySubsystems
[Subsystems] Discovering subsystems at path C:/Users/ALIENWARE/Desktop/AngryBird-master/Assets
GfxDevice: creating device client; threaded=0; jobified=0
Direct3D:
    Version:  Direct3D 11.0 [level 11.1]
    Renderer: NVIDIA GeForce GTX 1660 Ti (ID=0x2191)
    Vendor:   NVIDIA
    VRAM:     5991 MB
    Driver:   27.21.14.6618
Initialize mono
Mono path[0] = 'D:/2021.3.1f1c1/Editor/Data/Managed'
Mono path[1] = 'D:/2021.3.1f1c1/Editor/Data/MonoBleedingEdge/lib/mono/unityjit-win32'
Mono config path = 'D:/2021.3.1f1c1/Editor/Data/MonoBleedingEdge/etc'
Using monoOptions --debugger-agent=transport=dt_socket,embedding=1,server=y,suspend=n,address=127.0.0.1:56180
Begin MonoManager ReloadAssembly
Registering precompiled unity dll's ...
Register platform support module: D:/2021.3.1f1c1/Editor/Data/PlaybackEngines/WebGLSupport/UnityEditor.WebGL.Extensions.dll
Register platform support module: D:/2021.3.1f1c1/Editor/Data/PlaybackEngines/AndroidPlayer/UnityEditor.Android.Extensions.dll
Register platform support module: D:/2021.3.1f1c1/Editor/Data/PlaybackEngines/WindowsStandaloneSupport/UnityEditor.WindowsStandalone.Extensions.dll
Registered in 0.007972 seconds.
Native extension for WindowsStandalone target not found
Native extension for Android target not found
Native extension for WebGL target not found
Refreshing native plugins compatible for Editor in 41.74 ms, found 2 plugins.
Preloading 0 native plugins for Editor in 0.00 ms.
Mono: successfully reloaded assembly
- Completed reload, in  0.754 seconds
Domain Reload Profiling:
	ReloadAssembly (755ms)
		BeginReloadAssembly (106ms)
			ExecutionOrderSort (0ms)
			DisableScriptedObjects (0ms)
			BackupInstance (0ms)
			ReleaseScriptingObjects (0ms)
			CreateAndSetChildDomain (1ms)
		EndReloadAssembly (492ms)
			LoadAssemblies (100ms)
			RebuildTransferFunctionScriptingTraits (0ms)
			SetupTypeCache (127ms)
			ReleaseScriptCaches (0ms)
			RebuildScriptCaches (31ms)
			SetupLoadedEditorAssemblies (268ms)
				LogAssemblyErrors (0ms)
				InitializePlatformSupportModulesInManaged (74ms)
				SetLoadedEditorAssemblies (0ms)
				RefreshPlugins (42ms)
				BeforeProcessingInitializeOnLoad (1ms)
				ProcessInitializeOnLoadAttributes (95ms)
				ProcessInitializeOnLoadMethodAttributes (56ms)
				AfterProcessingInitializeOnLoad (0ms)
				EditorAssembliesLoaded (0ms)
			ExecutionOrderSort2 (0ms)
			AwakeInstancesAfterBackupRestoration (0ms)
Platform modules already initialized, skipping
Registering precompiled user dll's ...
Registered in 0.015528 seconds.
Begin MonoManager ReloadAssembly
Symbol file LoadedFromMemory is not a mono symbol file
Native extension for WindowsStandalone target not found
Native extension for Android target not found
Native extension for WebGL target not found
Refreshing native plugins compatible for Editor in 0.43 ms, found 2 plugins.
Preloading 0 native plugins for Editor in 0.00 ms.
Mono: successfully reloaded assembly
- Completed reload, in  1.109 seconds
Domain Reload Profiling:
	ReloadAssembly (1110ms)
		BeginReloadAssembly (248ms)
			ExecutionOrderSort (0ms)
			DisableScriptedObjects (7ms)
			BackupInstance (0ms)
			ReleaseScriptingObjects (0ms)
			CreateAndSetChildDomain (126ms)
		EndReloadAssembly (720ms)
			LoadAssemblies (119ms)
			RebuildTransferFunctionScriptingTraits (0ms)
			SetupTypeCache (189ms)
			ReleaseScriptCaches (0ms)
			RebuildScriptCaches (46ms)
			SetupLoadedEditorAssemblies (329ms)
				LogAssemblyErrors (0ms)
				InitializePlatformSupportModulesInManaged (15ms)
				SetLoadedEditorAssemblies (0ms)
				RefreshPlugins (1ms)
				BeforeProcessingInitializeOnLoad (70ms)
				ProcessInitializeOnLoadAttributes (190ms)
				ProcessInitializeOnLoadMethodAttributes (33ms)
				AfterProcessingInitializeOnLoad (18ms)
				EditorAssembliesLoaded (0ms)
			ExecutionOrderSort2 (0ms)
			AwakeInstancesAfterBackupRestoration (13ms)
Platform modules already initialized, skipping
========================================================================
Worker process is ready to serve import requests
Launched and connected shader compiler UnityShaderCompiler.exe after 0.06 seconds
Refreshing native plugins compatible for Editor in 0.37 ms, found 2 plugins.
Preloading 0 native plugins for Editor in 0.00 ms.
Unloading 1648 Unused Serialized files (Serialized files now loaded: 0)
Unloading 20 unused Assets / (55.7 KB). Loaded Objects now: 2122.
Memory consumption went from 72.0 MB to 72.0 MB.
Total: 2.956400 ms (FindLiveObjects: 0.157600 ms CreateObjectMapping: 0.087200 ms MarkObjects: 2.648100 ms  DeleteObjects: 0.062500 ms)

AssetImportParameters requested are different than current active one (requested -> active):
  custom:video-decoder-ogg-theora: a1e56fd34408186e4bbccfd4996cb3dc -> 
  custom:container-muxer-webm: aa71ff27fc2769a1b78a27578f13a17b -> 
  custom:container-demuxer-webm: 4f35f7cbe854078d1ac9338744f61a02 -> 
  custom:video-encoder-webm-vp8: eb34c28f22e8b96e1ab97ce403110664 -> 
  custom:video-codec-MediaFoundation-h265: 746d11721c4dcdbdad8f713fa42b33f4 -> 
  custom:audio-encoder-webm-vorbis: bf7c407c2cedff20999df2af8eb42d56 -> 
  custom:framework-win-MediaFoundation: 216162199b28c13a410421893ffa2e32 -> 
  custom:container-demuxer-ogg: 62fdf1f143b41e24485cea50d1cbac27 -> 
  custom:video-decoder-webm-vp8: 9c59270c3fd7afecdb556c50c9e8de78 -> 
  custom:audio-decoder-ogg-vorbis: bf7c407c2cedff20999df2af8eb42d56 -> 
========================================================================
Received Import Request.
  Time since last request: 93053.486631 seconds.
  path: Assets/Audio/Sound/Pigs/PigDamage1.ogg
  artifactKey: Guid(33b00aee8e7ebad4d8dd84355fbf07aa) Importer(815301076,1909f56bfc062723c751e8b465ee728b)
Start importing Assets/Audio/Sound/Pigs/PigDamage1.ogg using Guid(33b00aee8e7ebad4d8dd84355fbf07aa) Importer(815301076,1909f56bfc062723c751e8b465ee728b)  -> (artifact id: 'e713262a8345b4bc1c8ce1ef0b166aee') in 0.148727 seconds 
========================================================================
Received Import Request.
  Time since last request: 6.276209 seconds.
  path: Assets/Audio/Sound/Sling/Drag/DragSling.ogg
  artifactKey: Guid(e5b79ac4f905431469aec9459f9b383a) Importer(815301076,1909f56bfc062723c751e8b465ee728b)
Start importing Assets/Audio/Sound/Sling/Drag/DragSling.ogg using Guid(e5b79ac4f905431469aec9459f9b383a) Importer(815301076,1909f56bfc062723c751e8b465ee728b)  -> (artifact id: '7cf0d8f38f8928799bfb4816a3695412') in 0.011038 seconds 
========================================================================
Received Import Request.
  Time since last request: 0.423469 seconds.
  path: Assets/Audio/Sound/Sling/Shot/HighShot.ogg
  artifactKey: Guid(4b5eab6ebb9a2634fb14174611357d71) Importer(815301076,1909f56bfc062723c751e8b465ee728b)
Start importing Assets/Audio/Sound/Sling/Shot/HighShot.ogg using Guid(4b5eab6ebb9a2634fb14174611357d71) Importer(815301076,1909f56bfc062723c751e8b465ee728b)  -> (artifact id: 'b3a1da52efddb416b798e39c782b27b2') in 0.012540 seconds 
========================================================================
Received Import Request.
  Time since last request: 0.851407 seconds.
  path: Assets/Audio/Sound/Obstacle/Wood/WoodDamage.ogg
  artifactKey: Guid(6e6acd25abcdd0e40b807164fc30300b) Importer(815301076,1909f56bfc062723c751e8b465ee728b)
Start importing Assets/Audio/Sound/Obstacle/Wood/WoodDamage.ogg using Guid(6e6acd25abcdd0e40b807164fc30300b) Importer(815301076,1909f56bfc062723c751e8b465ee728b)  -> (artifact id: 'e1c7aa8e7e6bcc5813501f321faba038') in 0.014316 seconds 
========================================================================
Received Import Request.
  Time since last request: 0.295494 seconds.
  path: Assets/Audio/Sound/Obstacle/Rock/RockDamage.ogg
  artifactKey: Guid(a7ff9b8ca27d3c64289ed4bf0d421ad3) Importer(815301076,1909f56bfc062723c751e8b465ee728b)
Start importing Assets/Audio/Sound/Obstacle/Rock/RockDamage.ogg using Guid(a7ff9b8ca27d3c64289ed4bf0d421ad3) Importer(815301076,1909f56bfc062723c751e8b465ee728b)  -> (artifact id: '39dfc868d30e6ba29bca3802ba044f2d') in 0.034285 seconds 
========================================================================
Received Import Request.
  Time since last request: 0.331451 seconds.
  path: Assets/Audio/Sound/Obstacle/Glass/GlassDamage.ogg
  artifactKey: Guid(1bbaa7cb2b0a20641a9849ce4e589b28) Importer(815301076,1909f56bfc062723c751e8b465ee728b)
Start importing Assets/Audio/Sound/Obstacle/Glass/GlassDamage.ogg using Guid(1bbaa7cb2b0a20641a9849ce4e589b28) Importer(815301076,1909f56bfc062723c751e8b465ee728b)  -> (artifact id: '8d65c1f1a5554f1df51fa32ffaee7a4f') in 0.011352 seconds 
========================================================================
Received Import Request.
  Time since last request: 1.488366 seconds.
  path: Assets/Audio/Sound/Effect/BirdDestory.ogg
  artifactKey: Guid(4fee1900783b33643802ab459c361d20) Importer(815301076,1909f56bfc062723c751e8b465ee728b)
Start importing Assets/Audio/Sound/Effect/BirdDestory.ogg using Guid(4fee1900783b33643802ab459c361d20) Importer(815301076,1909f56bfc062723c751e8b465ee728b)  -> (artifact id: 'f5fd74f29f9cfe6ee59a5507bd68cb55') in 0.013926 seconds 
========================================================================
Received Import Request.
  Time since last request: 0.000018 seconds.
  path: Assets/Audio/Sound/Effect/TntBoom.ogg
  artifactKey: Guid(1724ccf5f903c4e42ad54d74502b4e7e) Importer(815301076,1909f56bfc062723c751e8b465ee728b)
Start importing Assets/Audio/Sound/Effect/TntBoom.ogg using Guid(1724ccf5f903c4e42ad54d74502b4e7e) Importer(815301076,1909f56bfc062723c751e8b465ee728b)  -> (artifact id: 'eb6913c5fb3334717c9297f1477ca54d') in 0.011982 seconds 
========================================================================
Received Prepare
Refreshing native plugins compatible for Editor in 15.23 ms, found 2 plugins.
Preloading 0 native plugins for Editor in 0.00 ms.
Unloading 9 Unused Serialized files (Serialized files now loaded: 0)
Unloading 9 unused Assets / (19.7 KB). Loaded Objects now: 2131.
Memory consumption went from 43.1 MB to 43.0 MB.
Total: 4.611800 ms (FindLiveObjects: 0.157600 ms CreateObjectMapping: 0.080200 ms MarkObjects: 4.349500 ms  DeleteObjects: 0.022600 ms)

AssetImportParameters requested are different than current active one (requested -> active):
  custom:video-decoder-ogg-theora: a1e56fd34408186e4bbccfd4996cb3dc -> 
  custom:container-muxer-webm: aa71ff27fc2769a1b78a27578f13a17b -> 
  custom:container-demuxer-webm: 4f35f7cbe854078d1ac9338744f61a02 -> 
  custom:video-encoder-webm-vp8: eb34c28f22e8b96e1ab97ce403110664 -> 
  custom:video-codec-MediaFoundation-h265: 746d11721c4dcdbdad8f713fa42b33f4 -> 
  custom:audio-encoder-webm-vorbis: bf7c407c2cedff20999df2af8eb42d56 -> 
  custom:framework-win-MediaFoundation: 216162199b28c13a410421893ffa2e32 -> 
  custom:container-demuxer-ogg: 62fdf1f143b41e24485cea50d1cbac27 -> 
  custom:video-decoder-webm-vp8: 9c59270c3fd7afecdb556c50c9e8de78 -> 
  custom:audio-decoder-ogg-vorbis: bf7c407c2cedff20999df2af8eb42d56 -> 
========================================================================
Received Import Request.
  Time since last request: 99.704910 seconds.
  path: Assets/Audio/Sound/Pigs/PigDamage1.ogg
  artifactKey: Guid(33b00aee8e7ebad4d8dd84355fbf07aa) Importer(815301076,1909f56bfc062723c751e8b465ee728b)
Start importing Assets/Audio/Sound/Pigs/PigDamage1.ogg using Guid(33b00aee8e7ebad4d8dd84355fbf07aa) Importer(815301076,1909f56bfc062723c751e8b465ee728b)  -> (artifact id: 'bd130716a96b76bf31df4ef2d467950e') in 0.016191 seconds 
========================================================================
Received Import Request.
  Time since last request: 0.000035 seconds.
  path: Assets/Audio/Sound/Pigs/PigSing1.ogg
  artifactKey: Guid(17efd5ce243695d4ab9ec82198f426aa) Importer(815301076,1909f56bfc062723c751e8b465ee728b)
Start importing Assets/Audio/Sound/Pigs/PigSing1.ogg using Guid(17efd5ce243695d4ab9ec82198f426aa) Importer(815301076,1909f56bfc062723c751e8b465ee728b)  -> (artifact id: 'a8517fcc11d4d1a471792136c1179109') in 0.016790 seconds 
========================================================================
Received Import Request.
  Time since last request: 1.902278 seconds.
  path: Assets/Audio/Sound/Pigs/PigSmile.ogg
  artifactKey: Guid(ee108e106277774448b2de43c4722992) Importer(815301076,1909f56bfc062723c751e8b465ee728b)
Start importing Assets/Audio/Sound/Pigs/PigSmile.ogg using Guid(ee108e106277774448b2de43c4722992) Importer(815301076,1909f56bfc062723c751e8b465ee728b)  -> (artifact id: 'f64b858ee174cdbf3cf9d202125f547e') in 0.003670 seconds 
========================================================================
Received Import Request.
  Time since last request: 25.995051 seconds.
  path: Assets/Audio/Sound/Pigs/PigDamage3.ogg
  artifactKey: Guid(acbc7bc9475ea514d939067360a36a40) Importer(815301076,1909f56bfc062723c751e8b465ee728b)
Start importing Assets/Audio/Sound/Pigs/PigDamage3.ogg using Guid(acbc7bc9475ea514d939067360a36a40) Importer(815301076,1909f56bfc062723c751e8b465ee728b)  -> (artifact id: '92809500596362aec620efe94aa412c6') in 0.004342 seconds 
========================================================================
Received Import Request.
  Time since last request: 3.214024 seconds.
  path: Assets/Audio/Sound/Pigs/PigDamage2.ogg
  artifactKey: Guid(a1fc041b95030524bbaea3bee82c99ce) Importer(815301076,1909f56bfc062723c751e8b465ee728b)
Start importing Assets/Audio/Sound/Pigs/PigDamage2.ogg using Guid(a1fc041b95030524bbaea3bee82c99ce) Importer(815301076,1909f56bfc062723c751e8b465ee728b)  -> (artifact id: '1c9889ceefe6966720faf1e67d5fc76c') in 0.003990 seconds 
========================================================================
Received Import Request.
  Time since last request: 63.645538 seconds.
  path: Assets/Audio/Sound/Pigs/xrlso-1ww4p.ogg
  artifactKey: Guid(62ca1801f4ea2de4b931f776ffd4ef6f) Importer(815301076,1909f56bfc062723c751e8b465ee728b)
Start importing Assets/Audio/Sound/Pigs/xrlso-1ww4p.ogg using Guid(62ca1801f4ea2de4b931f776ffd4ef6f) Importer(815301076,1909f56bfc062723c751e8b465ee728b)  -> (artifact id: '2b545a6183892758a8db748d8cc79aa0') in 0.012878 seconds 
========================================================================
Received Import Request.
  Time since last request: 32.889590 seconds.
  path: Assets/Audio/Sound/Pigs/c9kvh-zx5wd.ogg
  artifactKey: Guid(474cd4f5c0695c342b73bb3630ed7d55) Importer(815301076,1909f56bfc062723c751e8b465ee728b)
Start importing Assets/Audio/Sound/Pigs/c9kvh-zx5wd.ogg using Guid(474cd4f5c0695c342b73bb3630ed7d55) Importer(815301076,1909f56bfc062723c751e8b465ee728b)  -> (artifact id: 'f03371ad0f47b395192b23c2be921c46') in 0.014848 seconds 
========================================================================
Received Import Request.
  Time since last request: 43.723274 seconds.
  path: Assets/Audio/Sound/Pigs/PigDamage3.ogg
  artifactKey: Guid(acbc7bc9475ea514d939067360a36a40) Importer(815301076,1909f56bfc062723c751e8b465ee728b)
Start importing Assets/Audio/Sound/Pigs/PigDamage3.ogg using Guid(acbc7bc9475ea514d939067360a36a40) Importer(815301076,1909f56bfc062723c751e8b465ee728b)  -> (artifact id: 'a83a4117150effd44c5427305762795b') in 0.016156 seconds 
========================================================================
Received Prepare
Refreshing native plugins compatible for Editor in 11.93 ms, found 2 plugins.
Preloading 0 native plugins for Editor in 0.00 ms.
Unloading 9 Unused Serialized files (Serialized files now loaded: 0)
Unloading 9 unused Assets / (19.7 KB). Loaded Objects now: 2131.
Memory consumption went from 43.1 MB to 43.0 MB.
Total: 6.362300 ms (FindLiveObjects: 0.274900 ms CreateObjectMapping: 0.146300 ms MarkObjects: 5.907500 ms  DeleteObjects: 0.031600 ms)

AssetImportParameters requested are different than current active one (requested -> active):
  custom:video-decoder-ogg-theora: a1e56fd34408186e4bbccfd4996cb3dc -> 
  custom:container-muxer-webm: aa71ff27fc2769a1b78a27578f13a17b -> 
  custom:container-demuxer-webm: 4f35f7cbe854078d1ac9338744f61a02 -> 
  custom:video-encoder-webm-vp8: eb34c28f22e8b96e1ab97ce403110664 -> 
  custom:video-codec-MediaFoundation-h265: 746d11721c4dcdbdad8f713fa42b33f4 -> 
  custom:audio-encoder-webm-vorbis: bf7c407c2cedff20999df2af8eb42d56 -> 
  custom:framework-win-MediaFoundation: 216162199b28c13a410421893ffa2e32 -> 
  custom:container-demuxer-ogg: 62fdf1f143b41e24485cea50d1cbac27 -> 
  custom:video-decoder-webm-vp8: 9c59270c3fd7afecdb556c50c9e8de78 -> 
  custom:audio-decoder-ogg-vorbis: bf7c407c2cedff20999df2af8eb42d56 -> 
========================================================================
Received Import Request.
  Time since last request: 419.967054 seconds.
  path: Assets/Audio/Music/LevelStart.ogg
  artifactKey: Guid(97d5f34751f91c74fb9328746a7af7a7) Importer(815301076,1909f56bfc062723c751e8b465ee728b)
Start importing Assets/Audio/Music/LevelStart.ogg using Guid(97d5f34751f91c74fb9328746a7af7a7) Importer(815301076,1909f56bfc062723c751e8b465ee728b)  -> (artifact id: '5bd2b57d208cddc17707d97e92a15a8d') in 0.016303 seconds 
========================================================================
Received Prepare
Refreshing native plugins compatible for Editor in 9.33 ms, found 2 plugins.
Preloading 0 native plugins for Editor in 0.00 ms.
Unloading 9 Unused Serialized files (Serialized files now loaded: 0)
Unloading 9 unused Assets / (19.7 KB). Loaded Objects now: 2131.
Memory consumption went from 43.1 MB to 43.1 MB.
Total: 6.982300 ms (FindLiveObjects: 0.202200 ms CreateObjectMapping: 0.083700 ms MarkObjects: 6.656000 ms  DeleteObjects: 0.038900 ms)

AssetImportParameters requested are different than current active one (requested -> active):
  custom:video-decoder-ogg-theora: a1e56fd34408186e4bbccfd4996cb3dc -> 
  custom:container-muxer-webm: aa71ff27fc2769a1b78a27578f13a17b -> 
  custom:container-demuxer-webm: 4f35f7cbe854078d1ac9338744f61a02 -> 
  custom:video-encoder-webm-vp8: eb34c28f22e8b96e1ab97ce403110664 -> 
  custom:video-codec-MediaFoundation-h265: 746d11721c4dcdbdad8f713fa42b33f4 -> 
  custom:audio-encoder-webm-vorbis: bf7c407c2cedff20999df2af8eb42d56 -> 
  custom:framework-win-MediaFoundation: 216162199b28c13a410421893ffa2e32 -> 
  custom:container-demuxer-ogg: 62fdf1f143b41e24485cea50d1cbac27 -> 
  custom:video-decoder-webm-vp8: 9c59270c3fd7afecdb556c50c9e8de78 -> 
  custom:audio-decoder-ogg-vorbis: bf7c407c2cedff20999df2af8eb42d56 -> 
========================================================================
Received Prepare
Refreshing native plugins compatible for Editor in 7.32 ms, found 2 plugins.
Preloading 0 native plugins for Editor in 0.00 ms.
Unloading 9 Unused Serialized files (Serialized files now loaded: 0)
Unloading 9 unused Assets / (19.7 KB). Loaded Objects now: 2131.
Memory consumption went from 43.1 MB to 43.1 MB.
Total: 5.042900 ms (FindLiveObjects: 0.172600 ms CreateObjectMapping: 0.080800 ms MarkObjects: 4.770300 ms  DeleteObjects: 0.017700 ms)

AssetImportParameters requested are different than current active one (requested -> active):
  custom:video-decoder-ogg-theora: a1e56fd34408186e4bbccfd4996cb3dc -> 
  custom:container-muxer-webm: aa71ff27fc2769a1b78a27578f13a17b -> 
  custom:container-demuxer-webm: 4f35f7cbe854078d1ac9338744f61a02 -> 
  custom:video-encoder-webm-vp8: eb34c28f22e8b96e1ab97ce403110664 -> 
  custom:video-codec-MediaFoundation-h265: 746d11721c4dcdbdad8f713fa42b33f4 -> 
  custom:audio-encoder-webm-vorbis: bf7c407c2cedff20999df2af8eb42d56 -> 
  custom:framework-win-MediaFoundation: 216162199b28c13a410421893ffa2e32 -> 
  custom:container-demuxer-ogg: 62fdf1f143b41e24485cea50d1cbac27 -> 
  custom:video-decoder-webm-vp8: 9c59270c3fd7afecdb556c50c9e8de78 -> 
  custom:audio-decoder-ogg-vorbis: bf7c407c2cedff20999df2af8eb42d56 -> 
========================================================================
Received Import Request.
  Time since last request: 3130.387816 seconds.
  path: Assets/Sprite/UI/Logo.png
  artifactKey: Guid(ed0be526e78c4fc4b99f8ad2246e5fd2) Importer(815301076,1909f56bfc062723c751e8b465ee728b)
Start importing Assets/Sprite/UI/Logo.png using Guid(ed0be526e78c4fc4b99f8ad2246e5fd2) Importer(815301076,1909f56bfc062723c751e8b465ee728b)  -> (artifact id: 'd59bb95da5b551dc08890b8142774f37') in 0.319982 seconds 
========================================================================
Received Import Request.
  Time since last request: 1.580472 seconds.
  path: Assets/Sprite/UI/1.png
  artifactKey: Guid(ed1071fcb0988e74da2a71256b322f2a) Importer(815301076,1909f56bfc062723c751e8b465ee728b)
Start importing Assets/Sprite/UI/1.png using Guid(ed1071fcb0988e74da2a71256b322f2a) Importer(815301076,1909f56bfc062723c751e8b465ee728b)  -> (artifact id: '4765482fe9fd5ce165a3dec39f7c8533') in 0.219267 seconds 
========================================================================
Received Import Request.
  Time since last request: 0.000036 seconds.
  path: Assets/Sprite/UI/BUTTONS_SHEET_1.psd
  artifactKey: Guid(c1a2cce8e1fad05478c29a1736d29cea) Importer(815301076,1909f56bfc062723c751e8b465ee728b)
Start importing Assets/Sprite/UI/BUTTONS_SHEET_1.psd using Guid(c1a2cce8e1fad05478c29a1736d29cea) Importer(815301076,1909f56bfc062723c751e8b465ee728b)  -> (artifact id: '0bf8bdd4f1b8d2894606d396c91474f6') in 0.040316 seconds 
========================================================================
Received Import Request.
  Time since last request: 0.000025 seconds.
  path: Assets/Sprite/UI/2.psd
  artifactKey: Guid(306e7c4b1c75c814a99506ea965033dc) Importer(815301076,1909f56bfc062723c751e8b465ee728b)
Start importing Assets/Sprite/UI/2.psd using Guid(306e7c4b1c75c814a99506ea965033dc) Importer(815301076,1909f56bfc062723c751e8b465ee728b)  -> (artifact id: 'e27f37c73df09d387e660272afd2e161') in 0.027673 seconds 
========================================================================
Received Import Request.
  Time since last request: 0.000018 seconds.
  path: Assets/Sprite/UI/33.gif
  artifactKey: Guid(24bedc49810bcdd48aadc64db2b9ac39) Importer(815301076,1909f56bfc062723c751e8b465ee728b)
Start importing Assets/Sprite/UI/33.gif using Guid(24bedc49810bcdd48aadc64db2b9ac39) Importer(815301076,1909f56bfc062723c751e8b465ee728b)  -> (artifact id: 'd0e5c59f186b2912de9841a183b277d7') in 0.033019 seconds 
========================================================================
Received Import Request.
  Time since last request: 0.000018 seconds.
  path: Assets/Sprite/UI/logo.psd
  artifactKey: Guid(d8976ef61e927d748ac8e4397211e524) Importer(815301076,1909f56bfc062723c751e8b465ee728b)
Start importing Assets/Sprite/UI/logo.psd using Guid(d8976ef61e927d748ac8e4397211e524) Importer(815301076,1909f56bfc062723c751e8b465ee728b)  -> (artifact id: 'db846cc2573c9ea8acf6b2c97c0e3166') in 0.031746 seconds 
========================================================================
Received Import Request.
  Time since last request: 0.000030 seconds.
  path: Assets/Sprite/UI/3.png
  artifactKey: Guid(06cc0cf1a556ca7479029ed5abdbc917) Importer(815301076,1909f56bfc062723c751e8b465ee728b)
Start importing Assets/Sprite/UI/3.png using Guid(06cc0cf1a556ca7479029ed5abdbc917) Importer(815301076,1909f56bfc062723c751e8b465ee728b)  -> (artifact id: 'ffcf10a625f2da7d5d68c805092704c9') in 0.023109 seconds 
========================================================================
Received Import Request.
  Time since last request: 0.000017 seconds.
  path: Assets/Sprite/UI/4.png
  artifactKey: Guid(9d8d41e09593d3f46bcca0b6ac810cf3) Importer(815301076,1909f56bfc062723c751e8b465ee728b)
Start importing Assets/Sprite/UI/4.png using Guid(9d8d41e09593d3f46bcca0b6ac810cf3) Importer(815301076,1909f56bfc062723c751e8b465ee728b)  -> (artifact id: 'f1bb83db9c84b348c17bcbfe89b4b110') in 0.019312 seconds 
========================================================================
Received Import Request.
  Time since last request: 0.000016 seconds.
  path: Assets/Sprite/UI/start_logo.png
  artifactKey: Guid(78d306246e6ccd3478a5eb9121e8ce83) Importer(815301076,1909f56bfc062723c751e8b465ee728b)
Start importing Assets/Sprite/UI/start_logo.png using Guid(78d306246e6ccd3478a5eb9121e8ce83) Importer(815301076,1909f56bfc062723c751e8b465ee728b)  -> (artifact id: '57d0d33327b82bc438590b40104f85cb') in 0.020897 seconds 
========================================================================
Received Import Request.
  Time since last request: 0.000022 seconds.
  path: Assets/Sprite/UI/3.psd
  artifactKey: Guid(a9ffcfbb7ecec1e48bb1ed468986bef8) Importer(815301076,1909f56bfc062723c751e8b465ee728b)
Start importing Assets/Sprite/UI/3.psd using Guid(a9ffcfbb7ecec1e48bb1ed468986bef8) Importer(815301076,1909f56bfc062723c751e8b465ee728b)  -> (artifact id: '0c81054bbce0897b712c7e576f83c3d1') in 0.021515 seconds 
========================================================================
Received Import Request.
  Time since last request: 0.000017 seconds.
  path: Assets/Sprite/UI/BACKGROUNDS_LS_1.psd
  artifactKey: Guid(6cded7e93e10bea49a2c4ffdd768f23a) Importer(815301076,1909f56bfc062723c751e8b465ee728b)
Start importing Assets/Sprite/UI/BACKGROUNDS_LS_1.psd using Guid(6cded7e93e10bea49a2c4ffdd768f23a) Importer(815301076,1909f56bfc062723c751e8b465ee728b)  -> (artifact id: 'e1aac61f5835cce661e8edd030b7bc6c') in 0.197013 seconds 
========================================================================
Received Import Request.
  Time since last request: 8.088807 seconds.
  path: Assets/Sprite/Bird/RedBird/1.png
  artifactKey: Guid(5351313427538a845866d96d1a1886bc) Importer(815301076,1909f56bfc062723c751e8b465ee728b)
Start importing Assets/Sprite/Bird/RedBird/1.png using Guid(5351313427538a845866d96d1a1886bc) Importer(815301076,1909f56bfc062723c751e8b465ee728b)  -> (artifact id: 'aaa32b160ea6b58042226f5f8639d0bd') in 0.025544 seconds 
========================================================================
Received Import Request.
  Time since last request: 2.209738 seconds.
  path: Assets/Sprite/Bird/GreenBird/BIRD_BOOMERANG_YELL.png
  artifactKey: Guid(168ad0d77097c5b4e8a78bf40c5a4713) Importer(815301076,1909f56bfc062723c751e8b465ee728b)
Start importing Assets/Sprite/Bird/GreenBird/BIRD_BOOMERANG_YELL.png using Guid(168ad0d77097c5b4e8a78bf40c5a4713) Importer(815301076,1909f56bfc062723c751e8b465ee728b)  -> (artifact id: '8b0edfad0da4d8bea0d8b7fca673c87d') in 0.017907 seconds 
========================================================================
Received Import Request.
  Time since last request: 0.421427 seconds.
  path: Assets/Sprite/Bird/GreenBird/BIRD_BOOMERANG_COLLISION.png
  artifactKey: Guid(1a4005bfeacd57d42a81b1c956e077ae) Importer(815301076,1909f56bfc062723c751e8b465ee728b)
Start importing Assets/Sprite/Bird/GreenBird/BIRD_BOOMERANG_COLLISION.png using Guid(1a4005bfeacd57d42a81b1c956e077ae) Importer(815301076,1909f56bfc062723c751e8b465ee728b)  -> (artifact id: '0201f7d88b7263af956ae457e4fbb9b1') in 0.015682 seconds 
========================================================================
Received Import Request.
  Time since last request: 1.138039 seconds.
  path: Assets/Sprite/Bird/WhiteBird/BIRD_BLUE.png
  artifactKey: Guid(a6cf045a0dee965468e18f30a63ea5b4) Importer(815301076,1909f56bfc062723c751e8b465ee728b)
Start importing Assets/Sprite/Bird/WhiteBird/BIRD_BLUE.png using Guid(a6cf045a0dee965468e18f30a63ea5b4) Importer(815301076,1909f56bfc062723c751e8b465ee728b)  -> (artifact id: '75999b1f59c4ad2d750074ed8b2c5b48') in 0.019903 seconds 
========================================================================
Received Import Request.
  Time since last request: 15.222176 seconds.
  path: Assets/Sprite/Bird/WhiteBird/BIRD_GREEN.png
  artifactKey: Guid(4bc8a53ca08e9ef46b260a1205c22847) Importer(815301076,1909f56bfc062723c751e8b465ee728b)
Start importing Assets/Sprite/Bird/WhiteBird/BIRD_GREEN.png using Guid(4bc8a53ca08e9ef46b260a1205c22847) Importer(815301076,1909f56bfc062723c751e8b465ee728b)  -> (artifact id: '947f39f68d2cc623499b9eedbeafdeea') in 0.030370 seconds 
========================================================================
Received Import Request.
  Time since last request: 0.000023 seconds.
  path: Assets/Sprite/Bird/WhiteBird/DROPPABLE_EGG.png
  artifactKey: Guid(fcc6d752a3628ae4db07e10ff0547b76) Importer(815301076,1909f56bfc062723c751e8b465ee728b)
Start importing Assets/Sprite/Bird/WhiteBird/DROPPABLE_EGG.png using Guid(fcc6d752a3628ae4db07e10ff0547b76) Importer(815301076,1909f56bfc062723c751e8b465ee728b)  -> (artifact id: 'c040c4cacee0d1e523bdb9856cd51b9b') in 0.018598 seconds 
========================================================================
Received Import Request.
  Time since last request: 0.000021 seconds.
  path: Assets/Sprite/Bird/WhiteBird/DROPPABLE_EGG - 副本.png
  artifactKey: Guid(05714822da2f6b74487bfe6134ec5748) Importer(815301076,1909f56bfc062723c751e8b465ee728b)
Start importing Assets/Sprite/Bird/WhiteBird/DROPPABLE_EGG - 副本.png using Guid(05714822da2f6b74487bfe6134ec5748) Importer(815301076,1909f56bfc062723c751e8b465ee728b)  -> (artifact id: '4db94e0ebfe29356b11c095297d5c213') in 0.017662 seconds 
========================================================================
Received Import Request.
  Time since last request: 0.000024 seconds.
  path: Assets/Sprite/Bird/WhiteBird/GREEN_FEATHER_1.png
  artifactKey: Guid(1623e8ca48448854a8951f0ac363a9f1) Importer(815301076,1909f56bfc062723c751e8b465ee728b)
Start importing Assets/Sprite/Bird/WhiteBird/GREEN_FEATHER_1.png using Guid(1623e8ca48448854a8951f0ac363a9f1) Importer(815301076,1909f56bfc062723c751e8b465ee728b)  -> (artifact id: '111bbc9443afbc5046e5dd732dcf2029') in 0.021772 seconds 
========================================================================
Received Import Request.
  Time since last request: 0.000016 seconds.
  path: Assets/Sprite/Bird/WhiteBird/BIRD_GREEN_YELL.png
  artifactKey: Guid(759b2ee8e8d696e45b3a814d7284604e) Importer(815301076,1909f56bfc062723c751e8b465ee728b)
Start importing Assets/Sprite/Bird/WhiteBird/BIRD_GREEN_YELL.png using Guid(759b2ee8e8d696e45b3a814d7284604e) Importer(815301076,1909f56bfc062723c751e8b465ee728b)  -> (artifact id: 'bfb4716953c906117c51cbdd1136f502') in 0.034099 seconds 
========================================================================
Received Import Request.
  Time since last request: 9.280996 seconds.
  path: Assets/Sprite/Bird/RedBird/BIRD_RED.png
  artifactKey: Guid(4e050f791c08cd44d8ab3a8faee48ba4) Importer(815301076,1909f56bfc062723c751e8b465ee728b)
Start importing Assets/Sprite/Bird/RedBird/BIRD_RED.png using Guid(4e050f791c08cd44d8ab3a8faee48ba4) Importer(815301076,1909f56bfc062723c751e8b465ee728b)  -> (artifact id: '1158522f36da36133702f7c3730296b7') in 0.017557 seconds 
========================================================================
Received Import Request.
  Time since last request: 0.400486 seconds.
  path: Assets/Sprite/Bird/RedBird/BIRD_RED_BLINK.png
  artifactKey: Guid(d947627e41f04294f920faae3ba4180c) Importer(815301076,1909f56bfc062723c751e8b465ee728b)
Start importing Assets/Sprite/Bird/RedBird/BIRD_RED_BLINK.png using Guid(d947627e41f04294f920faae3ba4180c) Importer(815301076,1909f56bfc062723c751e8b465ee728b)  -> (artifact id: 'e4ea4946f3fc8714b13747619bd316b1') in 0.014366 seconds 
========================================================================
Received Import Request.
  Time since last request: 0.397827 seconds.
  path: Assets/Sprite/Bird/RedBird/BIRD_RED_COLLISION.png
  artifactKey: Guid(906ba383daa18e8449a447fc45d111a1) Importer(815301076,1909f56bfc062723c751e8b465ee728b)
Start importing Assets/Sprite/Bird/RedBird/BIRD_RED_COLLISION.png using Guid(906ba383daa18e8449a447fc45d111a1) Importer(815301076,1909f56bfc062723c751e8b465ee728b)  -> (artifact id: '06669de932926f40d28e7850c6097ac1') in 0.019217 seconds 
========================================================================
Received Prepare
Refreshing native plugins compatible for Editor in 6.84 ms, found 2 plugins.
Preloading 0 native plugins for Editor in 0.00 ms.
Unloading 9 Unused Serialized files (Serialized files now loaded: 0)
Unloading 9 unused Assets / (19.7 KB). Loaded Objects now: 2166.
Memory consumption went from 43.5 MB to 43.5 MB.
Total: 21.056000 ms (FindLiveObjects: 0.546300 ms CreateObjectMapping: 0.202500 ms MarkObjects: 20.278900 ms  DeleteObjects: 0.025700 ms)

AssetImportParameters requested are different than current active one (requested -> active):
  custom:video-decoder-ogg-theora: a1e56fd34408186e4bbccfd4996cb3dc -> 
  custom:container-muxer-webm: aa71ff27fc2769a1b78a27578f13a17b -> 
  custom:container-demuxer-webm: 4f35f7cbe854078d1ac9338744f61a02 -> 
  custom:video-encoder-webm-vp8: eb34c28f22e8b96e1ab97ce403110664 -> 
  custom:video-codec-MediaFoundation-h265: 746d11721c4dcdbdad8f713fa42b33f4 -> 
  custom:audio-encoder-webm-vorbis: bf7c407c2cedff20999df2af8eb42d56 -> 
  custom:framework-win-MediaFoundation: 216162199b28c13a410421893ffa2e32 -> 
  custom:container-demuxer-ogg: 62fdf1f143b41e24485cea50d1cbac27 -> 
  custom:video-decoder-webm-vp8: 9c59270c3fd7afecdb556c50c9e8de78 -> 
  custom:audio-decoder-ogg-vorbis: bf7c407c2cedff20999df2af8eb42d56 -> 
========================================================================
Received Prepare
Refreshing native plugins compatible for Editor in 9.78 ms, found 2 plugins.
Preloading 0 native plugins for Editor in 0.00 ms.
Unloading 9 Unused Serialized files (Serialized files now loaded: 0)
Unloading 9 unused Assets / (19.7 KB). Loaded Objects now: 2166.
Memory consumption went from 43.5 MB to 43.5 MB.
Total: 23.539500 ms (FindLiveObjects: 0.432800 ms CreateObjectMapping: 0.091400 ms MarkObjects: 22.968500 ms  DeleteObjects: 0.045100 ms)

AssetImportParameters requested are different than current active one (requested -> active):
  custom:video-decoder-ogg-theora: a1e56fd34408186e4bbccfd4996cb3dc -> 
  custom:container-muxer-webm: aa71ff27fc2769a1b78a27578f13a17b -> 
  custom:container-demuxer-webm: 4f35f7cbe854078d1ac9338744f61a02 -> 
  custom:video-encoder-webm-vp8: eb34c28f22e8b96e1ab97ce403110664 -> 
  custom:video-codec-MediaFoundation-h265: 746d11721c4dcdbdad8f713fa42b33f4 -> 
  custom:audio-encoder-webm-vorbis: bf7c407c2cedff20999df2af8eb42d56 -> 
  custom:framework-win-MediaFoundation: 216162199b28c13a410421893ffa2e32 -> 
  custom:container-demuxer-ogg: 62fdf1f143b41e24485cea50d1cbac27 -> 
  custom:video-decoder-webm-vp8: 9c59270c3fd7afecdb556c50c9e8de78 -> 
  custom:audio-decoder-ogg-vorbis: bf7c407c2cedff20999df2af8eb42d56 -> 
========================================================================
Received Prepare
Refreshing native plugins compatible for Editor in 6.39 ms, found 2 plugins.
Preloading 0 native plugins for Editor in 0.00 ms.
Unloading 9 Unused Serialized files (Serialized files now loaded: 0)
Unloading 9 unused Assets / (19.7 KB). Loaded Objects now: 2166.
Memory consumption went from 43.5 MB to 43.5 MB.
Total: 3.472300 ms (FindLiveObjects: 0.160800 ms CreateObjectMapping: 0.069900 ms MarkObjects: 3.221900 ms  DeleteObjects: 0.018500 ms)

AssetImportParameters requested are different than current active one (requested -> active):
  custom:video-decoder-ogg-theora: a1e56fd34408186e4bbccfd4996cb3dc -> 
  custom:container-muxer-webm: aa71ff27fc2769a1b78a27578f13a17b -> 
  custom:container-demuxer-webm: 4f35f7cbe854078d1ac9338744f61a02 -> 
  custom:video-encoder-webm-vp8: eb34c28f22e8b96e1ab97ce403110664 -> 
  custom:video-codec-MediaFoundation-h265: 746d11721c4dcdbdad8f713fa42b33f4 -> 
  custom:audio-encoder-webm-vorbis: bf7c407c2cedff20999df2af8eb42d56 -> 
  custom:framework-win-MediaFoundation: 216162199b28c13a410421893ffa2e32 -> 
  custom:container-demuxer-ogg: 62fdf1f143b41e24485cea50d1cbac27 -> 
  custom:video-decoder-webm-vp8: 9c59270c3fd7afecdb556c50c9e8de78 -> 
  custom:audio-decoder-ogg-vorbis: bf7c407c2cedff20999df2af8eb42d56 -> 
========================================================================
Received Prepare
Refreshing native plugins compatible for Editor in 6.32 ms, found 2 plugins.
Preloading 0 native plugins for Editor in 0.00 ms.
Unloading 9 Unused Serialized files (Serialized files now loaded: 0)
Unloading 9 unused Assets / (19.7 KB). Loaded Objects now: 2166.
Memory consumption went from 43.5 MB to 43.5 MB.
Total: 3.333100 ms (FindLiveObjects: 0.230400 ms CreateObjectMapping: 0.123500 ms MarkObjects: 2.956700 ms  DeleteObjects: 0.021300 ms)

AssetImportParameters requested are different than current active one (requested -> active):
  custom:video-decoder-ogg-theora: a1e56fd34408186e4bbccfd4996cb3dc -> 
  custom:container-muxer-webm: aa71ff27fc2769a1b78a27578f13a17b -> 
  custom:container-demuxer-webm: 4f35f7cbe854078d1ac9338744f61a02 -> 
  custom:video-encoder-webm-vp8: eb34c28f22e8b96e1ab97ce403110664 -> 
  custom:video-codec-MediaFoundation-h265: 746d11721c4dcdbdad8f713fa42b33f4 -> 
  custom:audio-encoder-webm-vorbis: bf7c407c2cedff20999df2af8eb42d56 -> 
  custom:framework-win-MediaFoundation: 216162199b28c13a410421893ffa2e32 -> 
  custom:container-demuxer-ogg: 62fdf1f143b41e24485cea50d1cbac27 -> 
  custom:video-decoder-webm-vp8: 9c59270c3fd7afecdb556c50c9e8de78 -> 
  custom:audio-decoder-ogg-vorbis: bf7c407c2cedff20999df2af8eb42d56 -> 
========================================================================
Received Import Request.
  Time since last request: 38075.938269 seconds.
  path: Assets/Sprite/Bird/WhiteBird/BIRD_BLUE.png
  artifactKey: Guid(a6cf045a0dee965468e18f30a63ea5b4) Importer(815301076,1909f56bfc062723c751e8b465ee728b)
Start importing Assets/Sprite/Bird/WhiteBird/BIRD_BLUE.png using Guid(a6cf045a0dee965468e18f30a63ea5b4) Importer(815301076,1909f56bfc062723c751e8b465ee728b)  -> (artifact id: '385488fd9b8a5eb30247d79f2dbdc522') in 0.058367 seconds 
========================================================================
Received Import Request.
  Time since last request: 0.324903 seconds.
  path: Assets/Sprite/Bird/WhiteBird/BIRD_GREEN_COLLISION.png
  artifactKey: Guid(8043e1f544c50da4c9648eb0ea80a238) Importer(815301076,1909f56bfc062723c751e8b465ee728b)
Start importing Assets/Sprite/Bird/WhiteBird/BIRD_GREEN_COLLISION.png using Guid(8043e1f544c50da4c9648eb0ea80a238) Importer(815301076,1909f56bfc062723c751e8b465ee728b)  -> (artifact id: '6589adf43f99c4a5b585777b94e76380') in 0.023283 seconds 
========================================================================
Received Import Request.
  Time since last request: 0.000031 seconds.
  path: Assets/Sprite/Bird/WhiteBird/DROPPABLE_EGG - 副本.png
  artifactKey: Guid(05714822da2f6b74487bfe6134ec5748) Importer(815301076,1909f56bfc062723c751e8b465ee728b)
Start importing Assets/Sprite/Bird/WhiteBird/DROPPABLE_EGG - 副本.png using Guid(05714822da2f6b74487bfe6134ec5748) Importer(815301076,1909f56bfc062723c751e8b465ee728b)  -> (artifact id: '8872d44415b17f37c962349bce5e16f7') in 0.020350 seconds 
========================================================================
Received Import Request.
  Time since last request: 0.000030 seconds.
  path: Assets/Sprite/Bird/WhiteBird/GREEN_FEATHER_3.png
  artifactKey: Guid(1e8f730e28e102b4a90c9249372cd987) Importer(815301076,1909f56bfc062723c751e8b465ee728b)
Start importing Assets/Sprite/Bird/WhiteBird/GREEN_FEATHER_3.png using Guid(1e8f730e28e102b4a90c9249372cd987) Importer(815301076,1909f56bfc062723c751e8b465ee728b)  -> (artifact id: '5cb9091fda6a7c9264fd2c67b4c186d3') in 0.019155 seconds 
========================================================================
Received Import Request.
  Time since last request: 0.000031 seconds.
  path: Assets/Sprite/Bird/WhiteBird/GREEN_FEATHER_2.png
  artifactKey: Guid(c70353186be8bb546ba0fdfdb30146a6) Importer(815301076,1909f56bfc062723c751e8b465ee728b)
Start importing Assets/Sprite/Bird/WhiteBird/GREEN_FEATHER_2.png using Guid(c70353186be8bb546ba0fdfdb30146a6) Importer(815301076,1909f56bfc062723c751e8b465ee728b)  -> (artifact id: 'ad071f8d17d8eb235397e410bfe607c5') in 0.015648 seconds 
========================================================================
Received Import Request.
  Time since last request: 0.000033 seconds.
  path: Assets/Sprite/Bird/WhiteBird/BIRD_GREEN_SPECIAL.png
  artifactKey: Guid(59d9388969cd7cc4099f56261a2abaa8) Importer(815301076,1909f56bfc062723c751e8b465ee728b)
Start importing Assets/Sprite/Bird/WhiteBird/BIRD_GREEN_SPECIAL.png using Guid(59d9388969cd7cc4099f56261a2abaa8) Importer(815301076,1909f56bfc062723c751e8b465ee728b)  -> (artifact id: 'f133a0ba087d84051408d48dd9b840ad') in 0.024940 seconds 
========================================================================
Received Prepare
Registering precompiled user dll's ...
Registered in 0.016855 seconds.
Begin MonoManager ReloadAssembly
Symbol file LoadedFromMemory is not a mono symbol file
Native extension for WindowsStandalone target not found
Native extension for Android target not found
Native extension for WebGL target not found
Refreshing native plugins compatible for Editor in 0.48 ms, found 2 plugins.
Preloading 0 native plugins for Editor in 0.00 ms.
Mono: successfully reloaded assembly
- Completed reload, in  4.700 seconds
Domain Reload Profiling:
	ReloadAssembly (4702ms)
		BeginReloadAssembly (2944ms)
			ExecutionOrderSort (1ms)
			DisableScriptedObjects (777ms)
			BackupInstance (0ms)
			ReleaseScriptingObjects (0ms)
			CreateAndSetChildDomain (1436ms)
		EndReloadAssembly (1510ms)
			LoadAssemblies (188ms)
			RebuildTransferFunctionScriptingTraits (1ms)
			SetupTypeCache (520ms)
			ReleaseScriptCaches (1ms)
			RebuildScriptCaches (132ms)
			SetupLoadedEditorAssemblies (582ms)
				LogAssemblyErrors (0ms)
				InitializePlatformSupportModulesInManaged (38ms)
				SetLoadedEditorAssemblies (92ms)
				RefreshPlugins (1ms)
				BeforeProcessingInitializeOnLoad (92ms)
				ProcessInitializeOnLoadAttributes (266ms)
				ProcessInitializeOnLoadMethodAttributes (76ms)
				AfterProcessingInitializeOnLoad (18ms)
				EditorAssembliesLoaded (0ms)
			ExecutionOrderSort2 (0ms)
			AwakeInstancesAfterBackupRestoration (2ms)
Platform modules already initialized, skipping
Refreshing native plugins compatible for Editor in 3.37 ms, found 2 plugins.
Preloading 0 native plugins for Editor in 0.00 ms.
Unloading 1642 Unused Serialized files (Serialized files now loaded: 0)
Unloading 9 unused Assets / (24.7 KB). Loaded Objects now: 2173.
Memory consumption went from 75.9 MB to 75.8 MB.
Total: 2.695800 ms (FindLiveObjects: 0.143900 ms CreateObjectMapping: 0.052700 ms MarkObjects: 2.420100 ms  DeleteObjects: 0.078000 ms)

AssetImportParameters requested are different than current active one (requested -> active):
  custom:video-decoder-ogg-theora: a1e56fd34408186e4bbccfd4996cb3dc -> 
  custom:container-muxer-webm: aa71ff27fc2769a1b78a27578f13a17b -> 
  custom:container-demuxer-webm: 4f35f7cbe854078d1ac9338744f61a02 -> 
  custom:video-encoder-webm-vp8: eb34c28f22e8b96e1ab97ce403110664 -> 
  custom:video-codec-MediaFoundation-h265: 746d11721c4dcdbdad8f713fa42b33f4 -> 
  custom:audio-encoder-webm-vorbis: bf7c407c2cedff20999df2af8eb42d56 -> 
  custom:framework-win-MediaFoundation: 216162199b28c13a410421893ffa2e32 -> 
  custom:container-demuxer-ogg: 62fdf1f143b41e24485cea50d1cbac27 -> 
  custom:video-decoder-webm-vp8: 9c59270c3fd7afecdb556c50c9e8de78 -> 
  custom:audio-decoder-ogg-vorbis: bf7c407c2cedff20999df2af8eb42d56 -> 
Editor requested this worker to shutdown with reason: Scaling down because of idle timeout
AssetImportWorker is now disconnected from the server
Process exiting
Exiting without the bug reporter. Application will terminate with return code 0