Using pre-set license
Built from '2021.3/china_unity/release' branch; Version is '2021.3.1f1c1 (0cb3bd085a01) revision 832445'; Using compiler version '192829333'; Build Type 'Release'
OS: 'Windows 10  (10.0.19044) 64bit CoreCountrySpecific' Language: 'zh' Physical Memory: 16177 MB
BatchMode: 1, IsHumanControllingUs: 0, StartBugReporterOnCrash: 0, Is64bit: 1, IsPro: 1

COMMAND LINE ARGUMENTS:
D:\2021.3.1f1c1\Editor\Unity.exe
-adb2
-batchMode
-noUpm
-name
AssetImportWorker0
-projectPath
C:/Users/ALIENWARE/Desktop/AngryBird-master
-logFile
Logs/AssetImportWorker0.log
-srvPort
54176
Successfully changed project path to: C:/Users/ALIENWARE/Desktop/AngryBird-master
C:/Users/ALIENWARE/Desktop/AngryBird-master
[UnityMemory] Configuration Parameters - Can be set up in boot.config
    "memorysetup-bucket-allocator-granularity=16"
    "memorysetup-bucket-allocator-bucket-count=8"
    "memorysetup-bucket-allocator-block-size=33554432"
    "memorysetup-bucket-allocator-block-count=8"
    "memorysetup-main-allocator-block-size=16777216"
    "memorysetup-thread-allocator-block-size=16777216"
    "memorysetup-gfx-main-allocator-block-size=16777216"
    "memorysetup-gfx-thread-allocator-block-size=16777216"
    "memorysetup-cache-allocator-block-size=4194304"
    "memorysetup-typetree-allocator-block-size=2097152"
    "memorysetup-profiler-bucket-allocator-granularity=16"
    "memorysetup-profiler-bucket-allocator-bucket-count=8"
    "memorysetup-profiler-bucket-allocator-block-size=33554432"
    "memorysetup-profiler-bucket-allocator-block-count=8"
    "memorysetup-profiler-allocator-block-size=16777216"
    "memorysetup-profiler-editor-allocator-block-size=1048576"
    "memorysetup-temp-allocator-size-main=16777216"
    "memorysetup-job-temp-allocator-block-size=2097152"
    "memorysetup-job-temp-allocator-block-size-background=1048576"
    "memorysetup-job-temp-allocator-reduction-small-platforms=262144"
    "memorysetup-temp-allocator-size-background-worker=32768"
    "memorysetup-temp-allocator-size-job-worker=262144"
    "memorysetup-temp-allocator-size-preload-manager=33554432"
    "memorysetup-temp-allocator-size-nav-mesh-worker=65536"
    "memorysetup-temp-allocator-size-audio-worker=65536"
    "memorysetup-temp-allocator-size-cloud-worker=32768"
    "memorysetup-temp-allocator-size-gi-baking-worker=262144"
    "memorysetup-temp-allocator-size-gfx=262144"
AS: AutoStreaming module initializing.
Refreshing native plugins compatible for Editor in 49.67 ms, found 2 plugins.
Preloading 0 native plugins for Editor in 0.00 ms.
Initialize engine version: 2021.3.1f1c1 (0cb3bd085a01)
[Subsystems] Discovering subsystems at path D:/2021.3.1f1c1/Editor/Data/Resources/UnitySubsystems
[Subsystems] Discovering subsystems at path C:/Users/ALIENWARE/Desktop/AngryBird-master/Assets
GfxDevice: creating device client; threaded=0; jobified=0
Direct3D:
    Version:  Direct3D 11.0 [level 11.1]
    Renderer: NVIDIA GeForce GTX 1660 Ti (ID=0x2191)
    Vendor:   NVIDIA
    VRAM:     5991 MB
    Driver:   27.21.14.6618
Initialize mono
Mono path[0] = 'D:/2021.3.1f1c1/Editor/Data/Managed'
Mono path[1] = 'D:/2021.3.1f1c1/Editor/Data/MonoBleedingEdge/lib/mono/unityjit-win32'
Mono config path = 'D:/2021.3.1f1c1/Editor/Data/MonoBleedingEdge/etc'
Using monoOptions --debugger-agent=transport=dt_socket,embedding=1,server=y,suspend=n,address=127.0.0.1:56064
Begin MonoManager ReloadAssembly
Registering precompiled unity dll's ...
Register platform support module: D:/2021.3.1f1c1/Editor/Data/PlaybackEngines/WebGLSupport/UnityEditor.WebGL.Extensions.dll
Register platform support module: D:/2021.3.1f1c1/Editor/Data/PlaybackEngines/AndroidPlayer/UnityEditor.Android.Extensions.dll
Register platform support module: D:/2021.3.1f1c1/Editor/Data/PlaybackEngines/WindowsStandaloneSupport/UnityEditor.WindowsStandalone.Extensions.dll
Registered in 0.008490 seconds.
Native extension for WindowsStandalone target not found
Native extension for Android target not found
Native extension for WebGL target not found
Refreshing native plugins compatible for Editor in 36.22 ms, found 2 plugins.
Preloading 0 native plugins for Editor in 0.00 ms.
Mono: successfully reloaded assembly
- Completed reload, in  0.933 seconds
Domain Reload Profiling:
	ReloadAssembly (934ms)
		BeginReloadAssembly (129ms)
			ExecutionOrderSort (0ms)
			DisableScriptedObjects (0ms)
			BackupInstance (0ms)
			ReleaseScriptingObjects (0ms)
			CreateAndSetChildDomain (1ms)
		EndReloadAssembly (642ms)
			LoadAssemblies (121ms)
			RebuildTransferFunctionScriptingTraits (0ms)
			SetupTypeCache (176ms)
			ReleaseScriptCaches (0ms)
			RebuildScriptCaches (40ms)
			SetupLoadedEditorAssemblies (333ms)
				LogAssemblyErrors (0ms)
				InitializePlatformSupportModulesInManaged (85ms)
				SetLoadedEditorAssemblies (0ms)
				RefreshPlugins (36ms)
				BeforeProcessingInitializeOnLoad (1ms)
				ProcessInitializeOnLoadAttributes (140ms)
				ProcessInitializeOnLoadMethodAttributes (71ms)
				AfterProcessingInitializeOnLoad (0ms)
				EditorAssembliesLoaded (0ms)
			ExecutionOrderSort2 (0ms)
			AwakeInstancesAfterBackupRestoration (0ms)
Platform modules already initialized, skipping
Registering precompiled user dll's ...
Registered in 0.015116 seconds.
Begin MonoManager ReloadAssembly
Symbol file LoadedFromMemory is not a mono symbol file
Native extension for WindowsStandalone target not found
Native extension for Android target not found
Native extension for WebGL target not found
Refreshing native plugins compatible for Editor in 0.48 ms, found 2 plugins.
Preloading 0 native plugins for Editor in 0.00 ms.
Mono: successfully reloaded assembly
- Completed reload, in  1.320 seconds
Domain Reload Profiling:
	ReloadAssembly (1321ms)
		BeginReloadAssembly (310ms)
			ExecutionOrderSort (0ms)
			DisableScriptedObjects (9ms)
			BackupInstance (0ms)
			ReleaseScriptingObjects (0ms)
			CreateAndSetChildDomain (143ms)
		EndReloadAssembly (831ms)
			LoadAssemblies (165ms)
			RebuildTransferFunctionScriptingTraits (0ms)
			SetupTypeCache (218ms)
			ReleaseScriptCaches (0ms)
			RebuildScriptCaches (47ms)
			SetupLoadedEditorAssemblies (373ms)
				LogAssemblyErrors (0ms)
				InitializePlatformSupportModulesInManaged (17ms)
				SetLoadedEditorAssemblies (0ms)
				RefreshPlugins (1ms)
				BeforeProcessingInitializeOnLoad (76ms)
				ProcessInitializeOnLoadAttributes (224ms)
				ProcessInitializeOnLoadMethodAttributes (37ms)
				AfterProcessingInitializeOnLoad (18ms)
				EditorAssembliesLoaded (0ms)
			ExecutionOrderSort2 (0ms)
			AwakeInstancesAfterBackupRestoration (17ms)
Platform modules already initialized, skipping
========================================================================
Worker process is ready to serve import requests
Launched and connected shader compiler UnityShaderCompiler.exe after 0.07 seconds
Refreshing native plugins compatible for Editor in 0.46 ms, found 2 plugins.
Preloading 0 native plugins for Editor in 0.00 ms.
Unloading 1648 Unused Serialized files (Serialized files now loaded: 0)
Unloading 20 unused Assets / (55.7 KB). Loaded Objects now: 2122.
Memory consumption went from 72.0 MB to 72.0 MB.
Total: 6.312000 ms (FindLiveObjects: 0.162800 ms CreateObjectMapping: 0.066200 ms MarkObjects: 6.002000 ms  DeleteObjects: 0.079600 ms)

AssetImportParameters requested are different than current active one (requested -> active):
  custom:video-decoder-ogg-theora: a1e56fd34408186e4bbccfd4996cb3dc -> 
  custom:container-muxer-webm: aa71ff27fc2769a1b78a27578f13a17b -> 
  custom:container-demuxer-webm: 4f35f7cbe854078d1ac9338744f61a02 -> 
  custom:video-encoder-webm-vp8: eb34c28f22e8b96e1ab97ce403110664 -> 
  custom:video-codec-MediaFoundation-h265: 746d11721c4dcdbdad8f713fa42b33f4 -> 
  custom:audio-encoder-webm-vorbis: bf7c407c2cedff20999df2af8eb42d56 -> 
  custom:framework-win-MediaFoundation: 216162199b28c13a410421893ffa2e32 -> 
  custom:container-demuxer-ogg: 62fdf1f143b41e24485cea50d1cbac27 -> 
  custom:video-decoder-webm-vp8: 9c59270c3fd7afecdb556c50c9e8de78 -> 
  custom:audio-decoder-ogg-vorbis: bf7c407c2cedff20999df2af8eb42d56 -> 
========================================================================
Received Import Request.
  Time since last request: 91885.664910 seconds.
  path: Assets/Scenes/Title/StartScene.unity
  artifactKey: Guid(2cda990e2423bbf4892e6590ba056729) Importer(815301076,1909f56bfc062723c751e8b465ee728b)
Start importing Assets/Scenes/Title/StartScene.unity using Guid(2cda990e2423bbf4892e6590ba056729) Importer(815301076,1909f56bfc062723c751e8b465ee728b)  -> (artifact id: '6dc1fc3ff3a1897f299b07f1b66878b0') in 0.008389 seconds 
========================================================================
Received Import Request.
  Time since last request: 74.210198 seconds.
  path: Assets/Audio/Music/LevelClear.ogg
  artifactKey: Guid(78eb839fd5fb7804a93f68f1b2f11dc5) Importer(815301076,1909f56bfc062723c751e8b465ee728b)
Start importing Assets/Audio/Music/LevelClear.ogg using Guid(78eb839fd5fb7804a93f68f1b2f11dc5) Importer(815301076,1909f56bfc062723c751e8b465ee728b)  -> (artifact id: '6156aec5fdfdef1cc1b7e96118602215') in 0.128593 seconds 
========================================================================
Received Import Request.
  Time since last request: 0.000018 seconds.
  path: Assets/Audio/Music/Title.ogg
  artifactKey: Guid(b9794ac522ccd2343a881be79d020c33) Importer(815301076,1909f56bfc062723c751e8b465ee728b)
Start importing Assets/Audio/Music/Title.ogg using Guid(b9794ac522ccd2343a881be79d020c33) Importer(815301076,1909f56bfc062723c751e8b465ee728b)  -> (artifact id: '875ed57b55cbe495b5656e6e1d2566a9') in 0.010785 seconds 
========================================================================
Received Import Request.
  Time since last request: 31.140037 seconds.
  path: Assets/Audio/Music/1.ogg
  artifactKey: Guid(244444d4ce3323744a5c780cefb71587) Importer(815301076,1909f56bfc062723c751e8b465ee728b)
Start importing Assets/Audio/Music/1.ogg using Guid(244444d4ce3323744a5c780cefb71587) Importer(815301076,1909f56bfc062723c751e8b465ee728b)  -> (artifact id: '3c7d4113435ee8f9b253d627b534d086') in 0.004196 seconds 
========================================================================
Received Import Request.
  Time since last request: 107.847678 seconds.
  path: Assets/Audio/Music/233.ogg
  artifactKey: Guid(7c1f3a943df61434e849e723d3dfc040) Importer(815301076,1909f56bfc062723c751e8b465ee728b)
Start importing Assets/Audio/Music/233.ogg using Guid(7c1f3a943df61434e849e723d3dfc040) Importer(815301076,1909f56bfc062723c751e8b465ee728b)  -> (artifact id: 'd67c39d410b5d4f2980e14bf47662eb2') in 0.006957 seconds 
========================================================================
Received Import Request.
  Time since last request: 247.652859 seconds.
  path: Assets/Audio/Music/0a4em-paqmy.ogg
  artifactKey: Guid(97aff5939bd2a8a4db1c17303663e75d) Importer(815301076,1909f56bfc062723c751e8b465ee728b)
Start importing Assets/Audio/Music/0a4em-paqmy.ogg using Guid(97aff5939bd2a8a4db1c17303663e75d) Importer(815301076,1909f56bfc062723c751e8b465ee728b)  -> (artifact id: '37e0f4d9b7d54e360f92747b454c20f6') in 0.015078 seconds 
========================================================================
Received Import Request.
  Time since last request: 21.326395 seconds.
  path: Assets/Audio/Music/StartAnimation.ogg
  artifactKey: Guid(473d5e47cd1d71345b26ddcf15fb50a9) Importer(815301076,1909f56bfc062723c751e8b465ee728b)
Start importing Assets/Audio/Music/StartAnimation.ogg using Guid(473d5e47cd1d71345b26ddcf15fb50a9) Importer(815301076,1909f56bfc062723c751e8b465ee728b)  -> (artifact id: 'ad74e528fdd041a39d8cd14f031ed53e') in 0.022019 seconds 
========================================================================
Received Prepare
Refreshing native plugins compatible for Editor in 11.87 ms, found 2 plugins.
Preloading 0 native plugins for Editor in 0.00 ms.
Unloading 9 Unused Serialized files (Serialized files now loaded: 0)
Unloading 9 unused Assets / (19.7 KB). Loaded Objects now: 2131.
Memory consumption went from 43.0 MB to 43.0 MB.
Total: 5.394100 ms (FindLiveObjects: 0.216100 ms CreateObjectMapping: 0.109000 ms MarkObjects: 5.022900 ms  DeleteObjects: 0.044400 ms)

AssetImportParameters requested are different than current active one (requested -> active):
  custom:video-decoder-ogg-theora: a1e56fd34408186e4bbccfd4996cb3dc -> 
  custom:container-muxer-webm: aa71ff27fc2769a1b78a27578f13a17b -> 
  custom:container-demuxer-webm: 4f35f7cbe854078d1ac9338744f61a02 -> 
  custom:video-encoder-webm-vp8: eb34c28f22e8b96e1ab97ce403110664 -> 
  custom:video-codec-MediaFoundation-h265: 746d11721c4dcdbdad8f713fa42b33f4 -> 
  custom:audio-encoder-webm-vorbis: bf7c407c2cedff20999df2af8eb42d56 -> 
  custom:framework-win-MediaFoundation: 216162199b28c13a410421893ffa2e32 -> 
  custom:container-demuxer-ogg: 62fdf1f143b41e24485cea50d1cbac27 -> 
  custom:video-decoder-webm-vp8: 9c59270c3fd7afecdb556c50c9e8de78 -> 
  custom:audio-decoder-ogg-vorbis: bf7c407c2cedff20999df2af8eb42d56 -> 
========================================================================
Received Import Request.
  Time since last request: 97.945863 seconds.
  path: Assets/Audio/Sound/Birds/Black/BlackBirdYell.ogg
  artifactKey: Guid(6b57b0bfe8be60f429767ca7d3d90e6e) Importer(815301076,1909f56bfc062723c751e8b465ee728b)
Start importing Assets/Audio/Sound/Birds/Black/BlackBirdYell.ogg using Guid(6b57b0bfe8be60f429767ca7d3d90e6e) Importer(815301076,1909f56bfc062723c751e8b465ee728b)  -> (artifact id: '3ffc43d082ea520a1c5c3965f7b9c859') in 0.004141 seconds 
========================================================================
Received Import Request.
  Time since last request: 46.905498 seconds.
  path: Assets/Audio/Sound/Birds/Yellow/YellowBirdHurt.ogg
  artifactKey: Guid(b995046ab007e6f408663fa262af39bf) Importer(815301076,1909f56bfc062723c751e8b465ee728b)
Start importing Assets/Audio/Sound/Birds/Yellow/YellowBirdHurt.ogg using Guid(b995046ab007e6f408663fa262af39bf) Importer(815301076,1909f56bfc062723c751e8b465ee728b)  -> (artifact id: '314b55fd311bff804772759372a8f3db') in 0.018354 seconds 
========================================================================
Received Import Request.
  Time since last request: 0.007631 seconds.
  path: Assets/Audio/Sound/Birds/Yellow/YellowBirdYell.ogg
  artifactKey: Guid(725ce3841af5eaa4ea96a29da9a0ff99) Importer(815301076,1909f56bfc062723c751e8b465ee728b)
Start importing Assets/Audio/Sound/Birds/Yellow/YellowBirdYell.ogg using Guid(725ce3841af5eaa4ea96a29da9a0ff99) Importer(815301076,1909f56bfc062723c751e8b465ee728b)  -> (artifact id: 'cb92418ff2f6162706cc632a18345238') in 0.020815 seconds 
========================================================================
Received Import Request.
  Time since last request: 2.066504 seconds.
  path: Assets/Audio/Sound/Birds/Red/RedBirdHurt.ogg
  artifactKey: Guid(b2b9b8162298e3248b56b1e6b278ed41) Importer(815301076,1909f56bfc062723c751e8b465ee728b)
Start importing Assets/Audio/Sound/Birds/Red/RedBirdHurt.ogg using Guid(b2b9b8162298e3248b56b1e6b278ed41) Importer(815301076,1909f56bfc062723c751e8b465ee728b)  -> (artifact id: '855664bc4cb22cc0d69453ba6f6b0c3d') in 0.013442 seconds 
========================================================================
Received Import Request.
  Time since last request: 0.000019 seconds.
  path: Assets/Audio/Sound/Birds/Red/RedBirdSelect.ogg
  artifactKey: Guid(6b58f4b162afa044ba64a4075471acdc) Importer(815301076,1909f56bfc062723c751e8b465ee728b)
Start importing Assets/Audio/Sound/Birds/Red/RedBirdSelect.ogg using Guid(6b58f4b162afa044ba64a4075471acdc) Importer(815301076,1909f56bfc062723c751e8b465ee728b)  -> (artifact id: '53f873ff3e93dee93f47b48a429aa2f4') in 0.011690 seconds 
========================================================================
Received Import Request.
  Time since last request: 0.000031 seconds.
  path: Assets/Audio/Sound/Birds/Red/RedBirdSkill.ogg
  artifactKey: Guid(a8473319c177d9347b0f2eed3e1fea6c) Importer(815301076,1909f56bfc062723c751e8b465ee728b)
Start importing Assets/Audio/Sound/Birds/Red/RedBirdSkill.ogg using Guid(a8473319c177d9347b0f2eed3e1fea6c) Importer(815301076,1909f56bfc062723c751e8b465ee728b)  -> (artifact id: 'f684ff281b97ae7032333619459ff4da') in 0.012334 seconds 
========================================================================
Received Import Request.
  Time since last request: 0.526490 seconds.
  path: Assets/Audio/Sound/Birds/Blue/BlueBirdHurt.ogg
  artifactKey: Guid(904acadf54f3df94c863f8a6030bfad2) Importer(815301076,1909f56bfc062723c751e8b465ee728b)
Start importing Assets/Audio/Sound/Birds/Blue/BlueBirdHurt.ogg using Guid(904acadf54f3df94c863f8a6030bfad2) Importer(815301076,1909f56bfc062723c751e8b465ee728b)  -> (artifact id: 'ca5678928f5fc7a08957e6f7b9d2e474') in 0.015648 seconds 
========================================================================
Received Import Request.
  Time since last request: 0.000044 seconds.
  path: Assets/Audio/Sound/Birds/Blue/BlueBirdSkill.ogg
  artifactKey: Guid(2c5c0a8112e9b404ea926c904ab137e6) Importer(815301076,1909f56bfc062723c751e8b465ee728b)
Start importing Assets/Audio/Sound/Birds/Blue/BlueBirdSkill.ogg using Guid(2c5c0a8112e9b404ea926c904ab137e6) Importer(815301076,1909f56bfc062723c751e8b465ee728b)  -> (artifact id: '0cd6f98adad893ce63b1c42a6e400a9c') in 0.013858 seconds 
Editor requested this worker to shutdown with reason: Scaling down because of idle timeout
AssetImportWorker is now disconnected from the server
Process exiting
Exiting without the bug reporter. Application will terminate with return code 0