Using pre-set license
Built from '2021.3/china_unity/release' branch; Version is '2021.3.1f1c1 (0cb3bd085a01) revision 832445'; Using compiler version '192829333'; Build Type 'Release'
OS: 'Windows 10  (10.0.19044) 64bit CoreCountrySpecific' Language: 'zh' Physical Memory: 16177 MB
BatchMode: 1, IsHumanControllingUs: 0, StartBugReporterOnCrash: 0, Is64bit: 1, IsPro: 1

COMMAND LINE ARGUMENTS:
D:\2021.3.1f1c1\Editor\Unity.exe
-adb2
-batchMode
-noUpm
-name
AssetImportWorker1
-projectPath
C:/Users/ALIENWARE/Desktop/AngryBird-master
-logFile
Logs/AssetImportWorker1.log
-srvPort
54176
Successfully changed project path to: C:/Users/ALIENWARE/Desktop/AngryBird-master
C:/Users/ALIENWARE/Desktop/AngryBird-master
[UnityMemory] Configuration Parameters - Can be set up in boot.config
    "memorysetup-bucket-allocator-granularity=16"
    "memorysetup-bucket-allocator-bucket-count=8"
    "memorysetup-bucket-allocator-block-size=33554432"
    "memorysetup-bucket-allocator-block-count=8"
    "memorysetup-main-allocator-block-size=16777216"
    "memorysetup-thread-allocator-block-size=16777216"
    "memorysetup-gfx-main-allocator-block-size=16777216"
    "memorysetup-gfx-thread-allocator-block-size=16777216"
    "memorysetup-cache-allocator-block-size=4194304"
    "memorysetup-typetree-allocator-block-size=2097152"
    "memorysetup-profiler-bucket-allocator-granularity=16"
    "memorysetup-profiler-bucket-allocator-bucket-count=8"
    "memorysetup-profiler-bucket-allocator-block-size=33554432"
    "memorysetup-profiler-bucket-allocator-block-count=8"
    "memorysetup-profiler-allocator-block-size=16777216"
    "memorysetup-profiler-editor-allocator-block-size=1048576"
    "memorysetup-temp-allocator-size-main=16777216"
    "memorysetup-job-temp-allocator-block-size=2097152"
    "memorysetup-job-temp-allocator-block-size-background=1048576"
    "memorysetup-job-temp-allocator-reduction-small-platforms=262144"
    "memorysetup-temp-allocator-size-background-worker=32768"
    "memorysetup-temp-allocator-size-job-worker=262144"
    "memorysetup-temp-allocator-size-preload-manager=33554432"
    "memorysetup-temp-allocator-size-nav-mesh-worker=65536"
    "memorysetup-temp-allocator-size-audio-worker=65536"
    "memorysetup-temp-allocator-size-cloud-worker=32768"
    "memorysetup-temp-allocator-size-gi-baking-worker=262144"
    "memorysetup-temp-allocator-size-gfx=262144"
AS: AutoStreaming module initializing.
Refreshing native plugins compatible for Editor in 48.57 ms, found 2 plugins.
Preloading 0 native plugins for Editor in 0.00 ms.
Initialize engine version: 2021.3.1f1c1 (0cb3bd085a01)
[Subsystems] Discovering subsystems at path D:/2021.3.1f1c1/Editor/Data/Resources/UnitySubsystems
[Subsystems] Discovering subsystems at path C:/Users/ALIENWARE/Desktop/AngryBird-master/Assets
GfxDevice: creating device client; threaded=0; jobified=0
Direct3D:
    Version:  Direct3D 11.0 [level 11.1]
    Renderer: NVIDIA GeForce GTX 1660 Ti (ID=0x2191)
    Vendor:   NVIDIA
    VRAM:     5991 MB
    Driver:   27.21.14.6618
Initialize mono
Mono path[0] = 'D:/2021.3.1f1c1/Editor/Data/Managed'
Mono path[1] = 'D:/2021.3.1f1c1/Editor/Data/MonoBleedingEdge/lib/mono/unityjit-win32'
Mono config path = 'D:/2021.3.1f1c1/Editor/Data/MonoBleedingEdge/etc'
Using monoOptions --debugger-agent=transport=dt_socket,embedding=1,server=y,suspend=n,address=127.0.0.1:56060
Begin MonoManager ReloadAssembly
Registering precompiled unity dll's ...
Register platform support module: D:/2021.3.1f1c1/Editor/Data/PlaybackEngines/WebGLSupport/UnityEditor.WebGL.Extensions.dll
Register platform support module: D:/2021.3.1f1c1/Editor/Data/PlaybackEngines/AndroidPlayer/UnityEditor.Android.Extensions.dll
Register platform support module: D:/2021.3.1f1c1/Editor/Data/PlaybackEngines/WindowsStandaloneSupport/UnityEditor.WindowsStandalone.Extensions.dll
Registered in 0.009797 seconds.
Native extension for WindowsStandalone target not found
Native extension for Android target not found
Native extension for WebGL target not found
Refreshing native plugins compatible for Editor in 35.46 ms, found 2 plugins.
Preloading 0 native plugins for Editor in 0.00 ms.
Mono: successfully reloaded assembly
- Completed reload, in  0.933 seconds
Domain Reload Profiling:
	ReloadAssembly (934ms)
		BeginReloadAssembly (124ms)
			ExecutionOrderSort (0ms)
			DisableScriptedObjects (0ms)
			BackupInstance (0ms)
			ReleaseScriptingObjects (0ms)
			CreateAndSetChildDomain (1ms)
		EndReloadAssembly (639ms)
			LoadAssemblies (117ms)
			RebuildTransferFunctionScriptingTraits (0ms)
			SetupTypeCache (178ms)
			ReleaseScriptCaches (0ms)
			RebuildScriptCaches (37ms)
			SetupLoadedEditorAssemblies (332ms)
				LogAssemblyErrors (0ms)
				InitializePlatformSupportModulesInManaged (83ms)
				SetLoadedEditorAssemblies (0ms)
				RefreshPlugins (36ms)
				BeforeProcessingInitializeOnLoad (1ms)
				ProcessInitializeOnLoadAttributes (139ms)
				ProcessInitializeOnLoadMethodAttributes (72ms)
				AfterProcessingInitializeOnLoad (0ms)
				EditorAssembliesLoaded (0ms)
			ExecutionOrderSort2 (0ms)
			AwakeInstancesAfterBackupRestoration (0ms)
Platform modules already initialized, skipping
Registering precompiled user dll's ...
Registered in 0.014323 seconds.
Begin MonoManager ReloadAssembly
Symbol file LoadedFromMemory is not a mono symbol file
Native extension for WindowsStandalone target not found
Native extension for Android target not found
Native extension for WebGL target not found
Refreshing native plugins compatible for Editor in 0.38 ms, found 2 plugins.
Preloading 0 native plugins for Editor in 0.00 ms.
Mono: successfully reloaded assembly
- Completed reload, in  1.309 seconds
Domain Reload Profiling:
	ReloadAssembly (1310ms)
		BeginReloadAssembly (298ms)
			ExecutionOrderSort (0ms)
			DisableScriptedObjects (9ms)
			BackupInstance (0ms)
			ReleaseScriptingObjects (0ms)
			CreateAndSetChildDomain (132ms)
		EndReloadAssembly (824ms)
			LoadAssemblies (168ms)
			RebuildTransferFunctionScriptingTraits (0ms)
			SetupTypeCache (215ms)
			ReleaseScriptCaches (0ms)
			RebuildScriptCaches (50ms)
			SetupLoadedEditorAssemblies (363ms)
				LogAssemblyErrors (0ms)
				InitializePlatformSupportModulesInManaged (17ms)
				SetLoadedEditorAssemblies (0ms)
				RefreshPlugins (0ms)
				BeforeProcessingInitializeOnLoad (75ms)
				ProcessInitializeOnLoadAttributes (212ms)
				ProcessInitializeOnLoadMethodAttributes (37ms)
				AfterProcessingInitializeOnLoad (21ms)
				EditorAssembliesLoaded (0ms)
			ExecutionOrderSort2 (0ms)
			AwakeInstancesAfterBackupRestoration (14ms)
Platform modules already initialized, skipping
========================================================================
Worker process is ready to serve import requests
Launched and connected shader compiler UnityShaderCompiler.exe after 0.10 seconds
Refreshing native plugins compatible for Editor in 0.38 ms, found 2 plugins.
Preloading 0 native plugins for Editor in 0.00 ms.
Unloading 1648 Unused Serialized files (Serialized files now loaded: 0)
Unloading 20 unused Assets / (55.7 KB). Loaded Objects now: 2122.
Memory consumption went from 72.0 MB to 72.0 MB.
Total: 3.080800 ms (FindLiveObjects: 0.159600 ms CreateObjectMapping: 0.071500 ms MarkObjects: 2.764700 ms  DeleteObjects: 0.083500 ms)

AssetImportParameters requested are different than current active one (requested -> active):
  custom:video-decoder-ogg-theora: a1e56fd34408186e4bbccfd4996cb3dc -> 
  custom:container-muxer-webm: aa71ff27fc2769a1b78a27578f13a17b -> 
  custom:container-demuxer-webm: 4f35f7cbe854078d1ac9338744f61a02 -> 
  custom:video-encoder-webm-vp8: eb34c28f22e8b96e1ab97ce403110664 -> 
  custom:video-codec-MediaFoundation-h265: 746d11721c4dcdbdad8f713fa42b33f4 -> 
  custom:audio-encoder-webm-vorbis: bf7c407c2cedff20999df2af8eb42d56 -> 
  custom:framework-win-MediaFoundation: 216162199b28c13a410421893ffa2e32 -> 
  custom:container-demuxer-ogg: 62fdf1f143b41e24485cea50d1cbac27 -> 
  custom:video-decoder-webm-vp8: 9c59270c3fd7afecdb556c50c9e8de78 -> 
  custom:audio-decoder-ogg-vorbis: bf7c407c2cedff20999df2af8eb42d56 -> 
========================================================================
Received Import Request.
  Time since last request: 91959.889013 seconds.
  path: Assets/Audio/Music/LevelFail.ogg
  artifactKey: Guid(25e443f8484553b41bb1516a6db39b4d) Importer(815301076,1909f56bfc062723c751e8b465ee728b)
Start importing Assets/Audio/Music/LevelFail.ogg using Guid(25e443f8484553b41bb1516a6db39b4d) Importer(815301076,1909f56bfc062723c751e8b465ee728b)  -> (artifact id: 'e6024dbc21f7743d5b4edf9c15a621e6') in 0.128869 seconds 
========================================================================
Received Prepare
Refreshing native plugins compatible for Editor in 10.32 ms, found 2 plugins.
Preloading 0 native plugins for Editor in 0.00 ms.
Unloading 9 Unused Serialized files (Serialized files now loaded: 0)
Unloading 9 unused Assets / (19.7 KB). Loaded Objects now: 2131.
Memory consumption went from 43.0 MB to 43.0 MB.
Total: 7.266100 ms (FindLiveObjects: 0.237200 ms CreateObjectMapping: 0.184300 ms MarkObjects: 6.816800 ms  DeleteObjects: 0.026100 ms)

AssetImportParameters requested are different than current active one (requested -> active):
  custom:video-decoder-ogg-theora: a1e56fd34408186e4bbccfd4996cb3dc -> 
  custom:container-muxer-webm: aa71ff27fc2769a1b78a27578f13a17b -> 
  custom:container-demuxer-webm: 4f35f7cbe854078d1ac9338744f61a02 -> 
  custom:video-encoder-webm-vp8: eb34c28f22e8b96e1ab97ce403110664 -> 
  custom:video-codec-MediaFoundation-h265: 746d11721c4dcdbdad8f713fa42b33f4 -> 
  custom:audio-encoder-webm-vorbis: bf7c407c2cedff20999df2af8eb42d56 -> 
  custom:framework-win-MediaFoundation: 216162199b28c13a410421893ffa2e32 -> 
  custom:container-demuxer-ogg: 62fdf1f143b41e24485cea50d1cbac27 -> 
  custom:video-decoder-webm-vp8: 9c59270c3fd7afecdb556c50c9e8de78 -> 
  custom:audio-decoder-ogg-vorbis: bf7c407c2cedff20999df2af8eb42d56 -> 
========================================================================
Received Import Request.
  Time since last request: 552.907431 seconds.
  path: Assets/Audio/Sound/Birds/Yellow/YellowBirdLaunch.ogg
  artifactKey: Guid(ae8cc5c5a1cd2854da1ab84ba508b748) Importer(815301076,1909f56bfc062723c751e8b465ee728b)
Start importing Assets/Audio/Sound/Birds/Yellow/YellowBirdLaunch.ogg using Guid(ae8cc5c5a1cd2854da1ab84ba508b748) Importer(815301076,1909f56bfc062723c751e8b465ee728b)  -> (artifact id: 'dcae92aee7e0be0f7b1ded0e72ab618f') in 0.019349 seconds 
========================================================================
Received Import Request.
  Time since last request: 0.006149 seconds.
  path: Assets/Audio/Sound/Birds/Yellow/YellowBirdSkill.ogg
  artifactKey: Guid(717c45be7fa73624b836e9e5d796804f) Importer(815301076,1909f56bfc062723c751e8b465ee728b)
Start importing Assets/Audio/Sound/Birds/Yellow/YellowBirdSkill.ogg using Guid(717c45be7fa73624b836e9e5d796804f) Importer(815301076,1909f56bfc062723c751e8b465ee728b)  -> (artifact id: 'a52221272f5067ee16da0c24424cb6f1') in 0.019451 seconds 
========================================================================
Received Import Request.
  Time since last request: 0.000031 seconds.
  path: Assets/Audio/Sound/Birds/Yellow/YellowBirdSelect.ogg
  artifactKey: Guid(f4c56a199a2e9f747befa5d70c3d4441) Importer(815301076,1909f56bfc062723c751e8b465ee728b)
Start importing Assets/Audio/Sound/Birds/Yellow/YellowBirdSelect.ogg using Guid(f4c56a199a2e9f747befa5d70c3d4441) Importer(815301076,1909f56bfc062723c751e8b465ee728b)  -> (artifact id: 'a94e234451eaf506ee98086191fb16f8') in 0.013649 seconds 
========================================================================
Received Import Request.
  Time since last request: 2.048804 seconds.
  path: Assets/Audio/Sound/Birds/Red/RedBirdLaunch.ogg
  artifactKey: Guid(3ec91249d15de8349878107f8bb6538f) Importer(815301076,1909f56bfc062723c751e8b465ee728b)
Start importing Assets/Audio/Sound/Birds/Red/RedBirdLaunch.ogg using Guid(3ec91249d15de8349878107f8bb6538f) Importer(815301076,1909f56bfc062723c751e8b465ee728b)  -> (artifact id: '207d2df67784e2e60f7502bece8b2747') in 0.013461 seconds 
========================================================================
Received Import Request.
  Time since last request: 0.000020 seconds.
  path: Assets/Audio/Sound/Birds/Red/RedBirdYell.ogg
  artifactKey: Guid(4b381c862fa587846bf33f0d9aca7c93) Importer(815301076,1909f56bfc062723c751e8b465ee728b)
Start importing Assets/Audio/Sound/Birds/Red/RedBirdYell.ogg using Guid(4b381c862fa587846bf33f0d9aca7c93) Importer(815301076,1909f56bfc062723c751e8b465ee728b)  -> (artifact id: '26ade1248ad1bd0bde70c9094d55aeb0') in 0.012469 seconds 
========================================================================
Received Import Request.
  Time since last request: 0.541161 seconds.
  path: Assets/Audio/Sound/Birds/Blue/BlueBirdLaunch.ogg
  artifactKey: Guid(6b8c5c036af6df44786963a728485082) Importer(815301076,1909f56bfc062723c751e8b465ee728b)
Start importing Assets/Audio/Sound/Birds/Blue/BlueBirdLaunch.ogg using Guid(6b8c5c036af6df44786963a728485082) Importer(815301076,1909f56bfc062723c751e8b465ee728b)  -> (artifact id: '1e1d57a332c4a55d9be0e3ef7f5b58a2') in 0.081970 seconds 
========================================================================
Received Import Request.
  Time since last request: 0.000034 seconds.
  path: Assets/Audio/Sound/Birds/Blue/BlueBirdYell.ogg
  artifactKey: Guid(19e632c2bdf2bbb498364dcebf14e3fe) Importer(815301076,1909f56bfc062723c751e8b465ee728b)
Start importing Assets/Audio/Sound/Birds/Blue/BlueBirdYell.ogg using Guid(19e632c2bdf2bbb498364dcebf14e3fe) Importer(815301076,1909f56bfc062723c751e8b465ee728b)  -> (artifact id: 'bdbf78b2a4c5f6929bd8342e426864c4') in 0.016837 seconds 
========================================================================
Received Import Request.
  Time since last request: 0.000044 seconds.
  path: Assets/Audio/Sound/Birds/Blue/BlueBirdSelect.ogg
  artifactKey: Guid(0a614f0f99b85ad4bb22e86c680c7c8f) Importer(815301076,1909f56bfc062723c751e8b465ee728b)
Start importing Assets/Audio/Sound/Birds/Blue/BlueBirdSelect.ogg using Guid(0a614f0f99b85ad4bb22e86c680c7c8f) Importer(815301076,1909f56bfc062723c751e8b465ee728b)  -> (artifact id: 'eb0d90bb8e87262647b39752fc08c890') in 0.013728 seconds 
========================================================================
Received Import Request.
  Time since last request: 422.284314 seconds.
  path: Assets/Audio/Sound/Birds/Black/BlackBirdLaunch.ogg
  artifactKey: Guid(5d6a1b14cd02eec4e9533c490fb29ff1) Importer(815301076,1909f56bfc062723c751e8b465ee728b)
Start importing Assets/Audio/Sound/Birds/Black/BlackBirdLaunch.ogg using Guid(5d6a1b14cd02eec4e9533c490fb29ff1) Importer(815301076,1909f56bfc062723c751e8b465ee728b)  -> (artifact id: '2709acdf40005a1157f58cc4b91fa29b') in 0.019550 seconds 
========================================================================
Received Import Request.
  Time since last request: 0.009851 seconds.
  path: Assets/Audio/Sound/Birds/Black/BlackBirdYell.ogg
  artifactKey: Guid(6b57b0bfe8be60f429767ca7d3d90e6e) Importer(815301076,1909f56bfc062723c751e8b465ee728b)
Start importing Assets/Audio/Sound/Birds/Black/BlackBirdYell.ogg using Guid(6b57b0bfe8be60f429767ca7d3d90e6e) Importer(815301076,1909f56bfc062723c751e8b465ee728b)  -> (artifact id: '3074cd197965ec9bdca8a7263de50d4e') in 0.025396 seconds 
========================================================================
Received Import Request.
  Time since last request: 0.000038 seconds.
  path: Assets/Audio/Sound/Birds/Black/BlackBirdSelect.ogg
  artifactKey: Guid(b58fbdea9153af24aac63cc53102c790) Importer(815301076,1909f56bfc062723c751e8b465ee728b)
Start importing Assets/Audio/Sound/Birds/Black/BlackBirdSelect.ogg using Guid(b58fbdea9153af24aac63cc53102c790) Importer(815301076,1909f56bfc062723c751e8b465ee728b)  -> (artifact id: '6cff1f6cca71c066fb42770625e8d914') in 0.016574 seconds 
Editor requested this worker to shutdown with reason: Scaling down because of idle timeout
AssetImportWorker is now disconnected from the server
Process exiting
Exiting without the bug reporter. Application will terminate with return code 0